2015-11-04 16:53:59 10116 [Note] Plugin 'FEDERATED' is disabled.
2015-11-04 16:54:00 10116 [Note] InnoDB: Using atomics to ref count buffer pool pages
2015-11-04 16:54:00 10116 [Note] InnoDB: The InnoDB memory heap is disabled
2015-11-04 16:54:00 10116 [Note] InnoDB: Mutexes and rw_locks use Windows interlocked functions
2015-11-04 16:54:00 10116 [Note] InnoDB: Memory barrier is not used
2015-11-04 16:54:00 10116 [Note] InnoDB: Compressed tables use zlib 1.2.3
2015-11-04 16:54:00 10116 [Note] InnoDB: Not using CPU crc32 instructions
2015-11-04 16:54:00 10116 [Note] InnoDB: Initializing buffer pool, size = 128.0M
2015-11-04 16:54:00 10116 [Note] InnoDB: Completed initialization of buffer pool
2015-11-04 16:54:00 10116 [Note] InnoDB: Highest supported file format is Barracuda.
2015-11-04 16:54:02 10116 [Note] InnoDB: 128 rollback segment(s) are active.
2015-11-04 16:54:02 10116 [Note] InnoDB: Waiting for purge to start
2015-11-04 16:54:02 10116 [Note] InnoDB: 5.6.27 started; log sequence number 1625977
2015-11-04 16:54:02 10116 [Warning] No existing UUID has been found, so we assume that this is the first time that this server has been started. Generating a new UUID: 98e5d98b-82d1-11e5-a292-448a5b43d819.
2015-11-04 16:54:03 10116 [Note] Server hostname (bind-address): '*'; port: 3306
2015-11-04 16:54:03 10116 [Note] IPv6 is available.
2015-11-04 16:54:03 10116 [Note]   - '::' resolves to '::';
2015-11-04 16:54:03 10116 [Note] Server socket created on IP: '::'.
2015-11-04 16:54:03 10116 [Note] Event Scheduler: Loaded 0 events
2015-11-04 16:54:03 10116 [Note] MySQL: ready for connections.
Version: '5.6.27'  socket: ''  port: 3306  MySQL Community Server (GPL)
2015-11-04 19:53:32 10116 [Note] MySQL: Normal shutdown

2015-11-04 19:53:32 10116 [Note] Giving 0 client threads a chance to die gracefully
2015-11-04 19:53:32 10116 [Note] Event Scheduler: Purging the queue. 0 events
2015-11-04 19:53:32 10116 [Note] Shutting down slave threads
2015-11-04 19:53:32 10116 [Note] Forcefully disconnecting 0 remaining clients
2015-11-04 19:53:32 10116 [Note] Binlog end
2015-11-04 19:53:33 10116 [Note] Shutting down plugin 'partition'
2015-11-04 19:53:33 10116 [Note] Shutting down plugin 'PERFORMANCE_SCHEMA'
2015-11-04 19:53:33 10116 [Note] Shutting down plugin 'INNODB_SYS_DATAFILES'
2015-11-04 19:53:33 10116 [Note] Shutting down plugin 'INNODB_SYS_TABLESPACES'
2015-11-04 19:53:33 10116 [Note] Shutting down plugin 'INNODB_SYS_FOREIGN_COLS'
2015-11-04 19:53:33 10116 [Note] Shutting down plugin 'INNODB_SYS_FOREIGN'
2015-11-04 19:53:33 10116 [Note] Shutting down plugin 'INNODB_SYS_FIELDS'
2015-11-04 19:53:33 10116 [Note] Shutting down plugin 'INNODB_SYS_COLUMNS'
2015-11-04 19:53:33 10116 [Note] Shutting down plugin 'INNODB_SYS_INDEXES'
2015-11-04 19:53:33 10116 [Note] Shutting down plugin 'INNODB_SYS_TABLESTATS'
2015-11-04 19:53:33 10116 [Note] Shutting down plugin 'INNODB_SYS_TABLES'
2015-11-04 19:53:33 10116 [Note] Shutting down plugin 'INNODB_FT_INDEX_TABLE'
2015-11-04 19:53:33 10116 [Note] Shutting down plugin 'INNODB_FT_INDEX_CACHE'
2015-11-04 19:53:33 10116 [Note] Shutting down plugin 'INNODB_FT_CONFIG'
2015-11-04 19:53:33 10116 [Note] Shutting down plugin 'INNODB_FT_BEING_DELETED'
2015-11-04 19:53:33 10116 [Note] Shutting down plugin 'INNODB_FT_DELETED'
2015-11-04 19:53:33 10116 [Note] Shutting down plugin 'INNODB_FT_DEFAULT_STOPWORD'
2015-11-04 19:53:33 10116 [Note] Shutting down plugin 'INNODB_METRICS'
2015-11-04 19:53:33 10116 [Note] Shutting down plugin 'INNODB_BUFFER_POOL_STATS'
2015-11-04 19:53:33 10116 [Note] Shutting down plugin 'INNODB_BUFFER_PAGE_LRU'
2015-11-04 19:53:33 10116 [Note] Shutting down plugin 'INNODB_BUFFER_PAGE'
2015-11-04 19:53:33 10116 [Note] Shutting down plugin 'INNODB_CMP_PER_INDEX_RESET'
2015-11-04 19:53:33 10116 [Note] Shutting down plugin 'INNODB_CMP_PER_INDEX'
2015-11-04 19:53:33 10116 [Note] Shutting down plugin 'INNODB_CMPMEM_RESET'
2015-11-04 19:53:33 10116 [Note] Shutting down plugin 'INNODB_CMPMEM'
2015-11-04 19:53:33 10116 [Note] Shutting down plugin 'INNODB_CMP_RESET'
2015-11-04 19:53:33 10116 [Note] Shutting down plugin 'INNODB_CMP'
2015-11-04 19:53:33 10116 [Note] Shutting down plugin 'INNODB_LOCK_WAITS'
2015-11-04 19:53:33 10116 [Note] Shutting down plugin 'INNODB_LOCKS'
2015-11-04 19:53:33 10116 [Note] Shutting down plugin 'INNODB_TRX'
2015-11-04 19:53:33 10116 [Note] Shutting down plugin 'InnoDB'
2015-11-04 19:53:33 10116 [Note] InnoDB: FTS optimize thread exiting.
2015-11-04 19:53:33 10116 [Note] InnoDB: Starting shutdown...
2015-11-04 19:53:35 10116 [Note] InnoDB: Shutdown completed; log sequence number 1625987
2015-11-04 19:53:35 10116 [Note] Shutting down plugin 'BLACKHOLE'
2015-11-04 19:53:35 10116 [Note] Shutting down plugin 'ARCHIVE'
2015-11-04 19:53:35 10116 [Note] Shutting down plugin 'MRG_MYISAM'
2015-11-04 19:53:35 10116 [Note] Shutting down plugin 'MyISAM'
2015-11-04 19:53:35 10116 [Note] Shutting down plugin 'MEMORY'
2015-11-04 19:53:35 10116 [Note] Shutting down plugin 'CSV'
2015-11-04 19:53:35 10116 [Note] Shutting down plugin 'sha256_password'
2015-11-04 19:53:35 10116 [Note] Shutting down plugin 'mysql_old_password'
2015-11-04 19:53:35 10116 [Note] Shutting down plugin 'mysql_native_password'
2015-11-04 19:53:35 10116 [Note] Shutting down plugin 'binlog'
2015-11-04 19:53:35 10116 [Note] MySQL: Shutdown complete

2015-11-04 19:56:55 6492 [Note] Plugin 'FEDERATED' is disabled.
2015-11-04 19:56:55 6492 [Note] InnoDB: Using atomics to ref count buffer pool pages
2015-11-04 19:56:55 6492 [Note] InnoDB: The InnoDB memory heap is disabled
2015-11-04 19:56:55 6492 [Note] InnoDB: Mutexes and rw_locks use Windows interlocked functions
2015-11-04 19:56:55 6492 [Note] InnoDB: Memory barrier is not used
2015-11-04 19:56:55 6492 [Note] InnoDB: Compressed tables use zlib 1.2.3
2015-11-04 19:56:55 6492 [Note] InnoDB: Not using CPU crc32 instructions
2015-11-04 19:56:55 6492 [Note] InnoDB: Initializing buffer pool, size = 128.0M
2015-11-04 19:56:55 6492 [Note] InnoDB: Completed initialization of buffer pool
2015-11-04 19:56:55 6492 [Note] InnoDB: Highest supported file format is Barracuda.
2015-11-04 19:56:55 6492 [Note] InnoDB: 128 rollback segment(s) are active.
2015-11-04 19:56:55 6492 [Note] InnoDB: Waiting for purge to start
2015-11-04 19:56:55 6492 [Note] InnoDB: 5.6.27 started; log sequence number 1625987
2015-11-04 19:56:55 6492 [ERROR] mysqld: unknown option '-i'
2015-11-04 19:56:55 6492 [ERROR] Aborting

2015-11-04 19:56:55 6492 [Note] Binlog end
2015-11-04 19:56:55 6492 [Note] Shutting down plugin 'partition'
2015-11-04 19:56:55 6492 [Note] Shutting down plugin 'PERFORMANCE_SCHEMA'
2015-11-04 19:56:55 6492 [Note] Shutting down plugin 'INNODB_SYS_DATAFILES'
2015-11-04 19:56:55 6492 [Note] Shutting down plugin 'INNODB_SYS_TABLESPACES'
2015-11-04 19:56:55 6492 [Note] Shutting down plugin 'INNODB_SYS_FOREIGN_COLS'
2015-11-04 19:56:55 6492 [Note] Shutting down plugin 'INNODB_SYS_FOREIGN'
2015-11-04 19:56:55 6492 [Note] Shutting down plugin 'INNODB_SYS_FIELDS'
2015-11-04 19:56:55 6492 [Note] Shutting down plugin 'INNODB_SYS_COLUMNS'
2015-11-04 19:56:55 6492 [Note] Shutting down plugin 'INNODB_SYS_INDEXES'
2015-11-04 19:56:55 6492 [Note] Shutting down plugin 'INNODB_SYS_TABLESTATS'
2015-11-04 19:56:55 6492 [Note] Shutting down plugin 'INNODB_SYS_TABLES'
2015-11-04 19:56:55 6492 [Note] Shutting down plugin 'INNODB_FT_INDEX_TABLE'
2015-11-04 19:56:55 6492 [Note] Shutting down plugin 'INNODB_FT_INDEX_CACHE'
2015-11-04 19:56:55 6492 [Note] Shutting down plugin 'INNODB_FT_CONFIG'
2015-11-04 19:56:55 6492 [Note] Shutting down plugin 'INNODB_FT_BEING_DELETED'
2015-11-04 19:56:55 6492 [Note] Shutting down plugin 'INNODB_FT_DELETED'
2015-11-04 19:56:55 6492 [Note] Shutting down plugin 'INNODB_FT_DEFAULT_STOPWORD'
2015-11-04 19:56:55 6492 [Note] Shutting down plugin 'INNODB_METRICS'
2015-11-04 19:56:55 6492 [Note] Shutting down plugin 'INNODB_BUFFER_POOL_STATS'
2015-11-04 19:56:55 6492 [Note] Shutting down plugin 'INNODB_BUFFER_PAGE_LRU'
2015-11-04 19:56:55 6492 [Note] Shutting down plugin 'INNODB_BUFFER_PAGE'
2015-11-04 19:56:55 6492 [Note] Shutting down plugin 'INNODB_CMP_PER_INDEX_RESET'
2015-11-04 19:56:55 6492 [Note] Shutting down plugin 'INNODB_CMP_PER_INDEX'
2015-11-04 19:56:55 6492 [Note] Shutting down plugin 'INNODB_CMPMEM_RESET'
2015-11-04 19:56:55 6492 [Note] Shutting down plugin 'INNODB_CMPMEM'
2015-11-04 19:56:55 6492 [Note] Shutting down plugin 'INNODB_CMP_RESET'
2015-11-04 19:56:55 6492 [Note] Shutting down plugin 'INNODB_CMP'
2015-11-04 19:56:55 6492 [Note] Shutting down plugin 'INNODB_LOCK_WAITS'
2015-11-04 19:56:55 6492 [Note] Shutting down plugin 'INNODB_LOCKS'
2015-11-04 19:56:55 6492 [Note] Shutting down plugin 'INNODB_TRX'
2015-11-04 19:56:55 6492 [Note] Shutting down plugin 'InnoDB'
2015-11-04 19:56:55 6492 [Note] InnoDB: FTS optimize thread exiting.
2015-11-04 19:56:55 6492 [Note] InnoDB: Starting shutdown...
2015-11-04 19:56:57 6492 [Note] InnoDB: Shutdown completed; log sequence number 1625997
2015-11-04 19:56:57 6492 [Note] Shutting down plugin 'BLACKHOLE'
2015-11-04 19:56:57 6492 [Note] Shutting down plugin 'ARCHIVE'
2015-11-04 19:56:57 6492 [Note] Shutting down plugin 'MRG_MYISAM'
2015-11-04 19:56:57 6492 [Note] Shutting down plugin 'MyISAM'
2015-11-04 19:56:57 6492 [Note] Shutting down plugin 'MEMORY'
2015-11-04 19:56:57 6492 [Note] Shutting down plugin 'CSV'
2015-11-04 19:56:57 6492 [Note] Shutting down plugin 'sha256_password'
2015-11-04 19:56:57 6492 [Note] Shutting down plugin 'mysql_old_password'
2015-11-04 19:56:57 6492 [Note] Shutting down plugin 'mysql_native_password'
2015-11-04 19:56:57 6492 [Note] Shutting down plugin 'binlog'
2015-11-04 19:56:57 6492 [Note] mysqld: Shutdown complete

2015-11-04 19:58:43 6628 [Note] Plugin 'FEDERATED' is disabled.
2015-11-04 19:58:43 6628 [Note] InnoDB: Using atomics to ref count buffer pool pages
2015-11-04 19:58:43 6628 [Note] InnoDB: The InnoDB memory heap is disabled
2015-11-04 19:58:43 6628 [Note] InnoDB: Mutexes and rw_locks use Windows interlocked functions
2015-11-04 19:58:43 6628 [Note] InnoDB: Memory barrier is not used
2015-11-04 19:58:43 6628 [Note] InnoDB: Compressed tables use zlib 1.2.3
2015-11-04 19:58:43 6628 [Note] InnoDB: Not using CPU crc32 instructions
2015-11-04 19:58:43 6628 [Note] InnoDB: Initializing buffer pool, size = 128.0M
2015-11-04 19:58:43 6628 [Note] InnoDB: Completed initialization of buffer pool
2015-11-04 19:58:44 6628 [Note] InnoDB: Highest supported file format is Barracuda.
2015-11-04 19:58:44 6628 [Note] InnoDB: 128 rollback segment(s) are active.
2015-11-04 19:58:44 6628 [Note] InnoDB: Waiting for purge to start
2015-11-04 19:58:44 6628 [Note] InnoDB: 5.6.27 started; log sequence number 1625997
2015-11-04 19:58:44 6628 [Note] Server hostname (bind-address): '*'; port: 3306
2015-11-04 19:58:44 6628 [Note] IPv6 is available.
2015-11-04 19:58:44 6628 [Note]   - '::' resolves to '::';
2015-11-04 19:58:44 6628 [Note] Server socket created on IP: '::'.
2015-11-04 19:58:44 6628 [Note] Event Scheduler: Loaded 0 events
2015-11-04 19:58:44 6628 [Note] MySQL: ready for connections.
Version: '5.6.27'  socket: ''  port: 3306  MySQL Community Server (GPL)
2015-11-04 23:42:24 1668 [Note] Plugin 'FEDERATED' is disabled.
2015-11-04 23:42:25 1668 [Note] InnoDB: Using atomics to ref count buffer pool pages
2015-11-04 23:42:25 1668 [Note] InnoDB: The InnoDB memory heap is disabled
2015-11-04 23:42:25 1668 [Note] InnoDB: Mutexes and rw_locks use Windows interlocked functions
2015-11-04 23:42:25 1668 [Note] InnoDB: Memory barrier is not used
2015-11-04 23:42:25 1668 [Note] InnoDB: Compressed tables use zlib 1.2.3
2015-11-04 23:42:26 1668 [Note] InnoDB: Not using CPU crc32 instructions
2015-11-04 23:42:26 1668 [Note] InnoDB: Initializing buffer pool, size = 128.0M
2015-11-04 23:42:26 1668 [Note] InnoDB: Completed initialization of buffer pool
2015-11-04 23:42:26 1668 [Note] InnoDB: Highest supported file format is Barracuda.
2015-11-04 23:42:26 1668 [Note] InnoDB: The log sequence numbers 1625997 and 1625997 in ibdata files do not match the log sequence number 1626007 in the ib_logfiles!
2015-11-04 23:42:26 1668 [Note] InnoDB: Database was not shutdown normally!
2015-11-04 23:42:26 1668 [Note] InnoDB: Starting crash recovery.
2015-11-04 23:42:26 1668 [Note] InnoDB: Reading tablespace information from the .ibd files...
2015-11-04 23:42:27 1668 [Note] InnoDB: Restoring possible half-written data pages 
2015-11-04 23:42:27 1668 [Note] InnoDB: from the doublewrite buffer...
2015-11-04 23:42:33 1668 [Note] InnoDB: 128 rollback segment(s) are active.
2015-11-04 23:42:33 1668 [Note] InnoDB: Waiting for purge to start
2015-11-04 23:42:33 1668 [Note] InnoDB: 5.6.27 started; log sequence number 1626007
2015-11-04 23:42:34 1668 [Note] Server hostname (bind-address): '*'; port: 3306
2015-11-04 23:42:34 1668 [Note] IPv6 is available.
2015-11-04 23:42:34 1668 [Note]   - '::' resolves to '::';
2015-11-04 23:42:34 1668 [Note] Server socket created on IP: '::'.
2015-11-04 23:42:37 1668 [Note] Event Scheduler: Loaded 0 events
2015-11-04 23:42:37 1668 [Note] MySQL: ready for connections.
Version: '5.6.27'  socket: ''  port: 3306  MySQL Community Server (GPL)
